<?xml version="1.0" encoding="UTF-8"?>
<!-- Generated by org.testng.reporters.JUnitReportReporter -->
<testsuite hostname="DESKTOP-48F40HU" failures="0" tests="3" name="exceloperations.LoginSwagLabs2" time="8.656" errors="0" timestamp="2021-08-15T10:49:35 IST" skipped="0">
  <testcase classname="exceloperations.LoginSwagLabs2" name="login" time="3.945"/>
  <system-out/>
  <testcase classname="exceloperations.LoginSwagLabs2" name="login1" time="2.109"/>
  <system-out/>
  <testcase classname="exceloperations.LoginSwagLabs2" name="login2" time="2.602"/>
  <system-out/>
</testsuite> <!-- exceloperations.LoginSwagLabs2 -->
