<?xml version="1.0" encoding="UTF-8"?>
<!-- Generated by org.testng.reporters.JUnitReportReporter -->
<testsuite hostname="DESKTOP-48F40HU" failures="0" tests="2" name="interviewJavaPrograms.OrderOfTestNGannotations" time="0.009" errors="0" timestamp="2022-02-15T12:49:23 IST" skipped="0">
  <testcase classname="interviewJavaPrograms.OrderOfTestNGannotations" name="simpleGroupTest" time="0.005"/>
  <system-out/>
  <testcase classname="interviewJavaPrograms.OrderOfTestNGannotations" name="simpleTestA" time="0.004"/>
  <system-out/>
</testsuite> <!-- interviewJavaPrograms.OrderOfTestNGannotations -->
