<?xml version="1.0" encoding="UTF-8"?>
<!-- Generated by org.testng.reporters.JUnitReportReporter -->
<testsuite hostname="DESKTOP-48F40HU" failures="0" tests="3" name="exceloperations.LoginSwagLabs" time="9.141" errors="0" timestamp="2021-08-15T10:40:05 IST" skipped="0">
  <testcase classname="exceloperations.LoginSwagLabs" name="login" time="2.429"/>
  <system-out/>
  <testcase classname="exceloperations.LoginSwagLabs" name="login" time="4.574"/>
  <system-out/>
  <testcase classname="exceloperations.LoginSwagLabs" name="login" time="2.138"/>
  <system-out/>
</testsuite> <!-- exceloperations.LoginSwagLabs -->
