<?xml version="1.0" encoding="UTF-8"?>
<!-- Generated by org.testng.reporters.JUnitReportReporter -->
<testsuite hostname="DESKTOP-48F40HU" failures="0" tests="1" name="org.qa.seleniumBasics.TestNgExample" time="6.430" errors="0" timestamp="2021-09-04T14:37:11 IST" skipped="0">
  <testcase classname="org.qa.seleniumBasics.TestNgExample" name="solution" time="6.430"/>
  <system-out/>
</testsuite> <!-- org.qa.seleniumBasics.TestNgExample -->
